c:\users\salim lou\source\repos\compilergui\compilergui\debug\vc142.pdb
c:\users\salim lou\source\repos\compilergui\compilergui\debug\.netframework,version=v4.8.assemblyattributes.obj
c:\users\salim lou\source\repos\compilergui\compilergui\debug\.netframework,version=v4.8.assemblyattributes.asm
c:\users\salim lou\source\repos\compilergui\compilergui\debug\myform.obj
c:\users\salim lou\source\repos\compilergui\compilergui\debug\compilergui.myform.resources
c:\users\salim lou\source\repos\compilergui\debug\compilergui.exe
c:\users\salim lou\source\repos\compilergui\debug\compilergui.pdb
c:\users\salim lou\source\repos\compilergui\compilergui\debug\compilergui.vcxproj.generateresource.cache
c:\users\salim lou\source\repos\compilergui\compilergui\debug\compilergui.vcxprojassemblyreference.cache
c:\users\salim lou\source\repos\compilergui\compilergui\debug\compilergui.tlog\cl.command.1.tlog
c:\users\salim lou\source\repos\compilergui\compilergui\debug\compilergui.tlog\cl.read.1.tlog
c:\users\salim lou\source\repos\compilergui\compilergui\debug\compilergui.tlog\cl.write.1.tlog
c:\users\salim lou\source\repos\compilergui\compilergui\debug\compilergui.tlog\compilergui.write.1u.tlog
c:\users\salim lou\source\repos\compilergui\compilergui\debug\compilergui.tlog\link.11664.delete.1.tlog
c:\users\salim lou\source\repos\compilergui\compilergui\debug\compilergui.tlog\link.14436.delete.1.tlog
c:\users\salim lou\source\repos\compilergui\compilergui\debug\compilergui.tlog\link.1464.delete.1.tlog
c:\users\salim lou\source\repos\compilergui\compilergui\debug\compilergui.tlog\link.15296.delete.1.tlog
c:\users\salim lou\source\repos\compilergui\compilergui\debug\compilergui.tlog\link.16136.delete.1.tlog
c:\users\salim lou\source\repos\compilergui\compilergui\debug\compilergui.tlog\link.16764.delete.1.tlog
c:\users\salim lou\source\repos\compilergui\compilergui\debug\compilergui.tlog\link.16808.delete.1.tlog
c:\users\salim lou\source\repos\compilergui\compilergui\debug\compilergui.tlog\link.1684.delete.1.tlog
c:\users\salim lou\source\repos\compilergui\compilergui\debug\compilergui.tlog\link.16884.delete.1.tlog
c:\users\salim lou\source\repos\compilergui\compilergui\debug\compilergui.tlog\link.16952.delete.1.tlog
c:\users\salim lou\source\repos\compilergui\compilergui\debug\compilergui.tlog\link.17072.delete.1.tlog
c:\users\salim lou\source\repos\compilergui\compilergui\debug\compilergui.tlog\link.17192.delete.1.tlog
c:\users\salim lou\source\repos\compilergui\compilergui\debug\compilergui.tlog\link.17544.delete.1.tlog
c:\users\salim lou\source\repos\compilergui\compilergui\debug\compilergui.tlog\link.18156.delete.1.tlog
c:\users\salim lou\source\repos\compilergui\compilergui\debug\compilergui.tlog\link.18364.delete.1.tlog
c:\users\salim lou\source\repos\compilergui\compilergui\debug\compilergui.tlog\link.18648.delete.1.tlog
c:\users\salim lou\source\repos\compilergui\compilergui\debug\compilergui.tlog\link.19592.delete.1.tlog
c:\users\salim lou\source\repos\compilergui\compilergui\debug\compilergui.tlog\link.20036.delete.1.tlog
c:\users\salim lou\source\repos\compilergui\compilergui\debug\compilergui.tlog\link.20448.delete.1.tlog
c:\users\salim lou\source\repos\compilergui\compilergui\debug\compilergui.tlog\link.20528.delete.1.tlog
c:\users\salim lou\source\repos\compilergui\compilergui\debug\compilergui.tlog\link.20968.delete.1.tlog
c:\users\salim lou\source\repos\compilergui\compilergui\debug\compilergui.tlog\link.21384.delete.1.tlog
c:\users\salim lou\source\repos\compilergui\compilergui\debug\compilergui.tlog\link.21884.delete.1.tlog
c:\users\salim lou\source\repos\compilergui\compilergui\debug\compilergui.tlog\link.21924.delete.1.tlog
c:\users\salim lou\source\repos\compilergui\compilergui\debug\compilergui.tlog\link.22264.delete.1.tlog
c:\users\salim lou\source\repos\compilergui\compilergui\debug\compilergui.tlog\link.22396.delete.1.tlog
c:\users\salim lou\source\repos\compilergui\compilergui\debug\compilergui.tlog\link.23172.delete.1.tlog
c:\users\salim lou\source\repos\compilergui\compilergui\debug\compilergui.tlog\link.23532.delete.1.tlog
c:\users\salim lou\source\repos\compilergui\compilergui\debug\compilergui.tlog\link.23600.delete.1.tlog
c:\users\salim lou\source\repos\compilergui\compilergui\debug\compilergui.tlog\link.23680.delete.1.tlog
c:\users\salim lou\source\repos\compilergui\compilergui\debug\compilergui.tlog\link.23900.delete.1.tlog
c:\users\salim lou\source\repos\compilergui\compilergui\debug\compilergui.tlog\link.24036.delete.1.tlog
c:\users\salim lou\source\repos\compilergui\compilergui\debug\compilergui.tlog\link.24184.delete.1.tlog
c:\users\salim lou\source\repos\compilergui\compilergui\debug\compilergui.tlog\link.25088.delete.1.tlog
c:\users\salim lou\source\repos\compilergui\compilergui\debug\compilergui.tlog\link.25420.delete.1.tlog
c:\users\salim lou\source\repos\compilergui\compilergui\debug\compilergui.tlog\link.25588.delete.1.tlog
c:\users\salim lou\source\repos\compilergui\compilergui\debug\compilergui.tlog\link.26572.delete.1.tlog
c:\users\salim lou\source\repos\compilergui\compilergui\debug\compilergui.tlog\link.26756.delete.1.tlog
c:\users\salim lou\source\repos\compilergui\compilergui\debug\compilergui.tlog\link.27768.delete.1.tlog
c:\users\salim lou\source\repos\compilergui\compilergui\debug\compilergui.tlog\link.28464.delete.1.tlog
c:\users\salim lou\source\repos\compilergui\compilergui\debug\compilergui.tlog\link.4072.delete.1.tlog
c:\users\salim lou\source\repos\compilergui\compilergui\debug\compilergui.tlog\link.6480.delete.1.tlog
c:\users\salim lou\source\repos\compilergui\compilergui\debug\compilergui.tlog\link.7096.delete.1.tlog
c:\users\salim lou\source\repos\compilergui\compilergui\debug\compilergui.tlog\link.9708.delete.1.tlog
c:\users\salim lou\source\repos\compilergui\compilergui\debug\compilergui.tlog\link.command.1.tlog
c:\users\salim lou\source\repos\compilergui\compilergui\debug\compilergui.tlog\link.read.1.tlog
c:\users\salim lou\source\repos\compilergui\compilergui\debug\compilergui.tlog\link.write.1.tlog
c:\users\salim lou\source\repos\compilergui\compilergui\debug\compilergui.tlog\metagen.read.1.tlog
c:\users\salim lou\source\repos\compilergui\compilergui\debug\compilergui.tlog\metagen.write.1.tlog
